2024-10-22T07:31:58.865Z [WARN]: Cuenta bloqueada: jesus.alexem@gmail.com. Restan 2 minutos.
2024-10-22T07:31:59.608Z [WARN]: Cuenta bloqueada: jesus.alexem@gmail.com. Restan 2 minutos.
2024-10-22T07:32:00.347Z [WARN]: Cuenta bloqueada: jesus.alexem@gmail.com. Restan 2 minutos.
2024-10-22T07:32:00.966Z [WARN]: Cuenta bloqueada: jesus.alexem@gmail.com. Restan 2 minutos.
2024-10-22T07:32:01.566Z [WARN]: Cuenta bloqueada: jesus.alexem@gmail.com. Restan 2 minutos.
2024-10-22T07:35:03.692Z [WARN]: Intento de inicio de sesión fallido: Usuario no encontrado (PIXON@gmail.com)
2024-10-22T07:35:05.444Z [WARN]: Intento de inicio de sesión fallido: Usuario no encontrado (PIXON@gmail.com)
2024-10-22T07:35:06.024Z [WARN]: Intento de inicio de sesión fallido: Usuario no encontrado (PIXON@gmail.com)
2024-10-22T07:36:41.705Z [WARN]: Intento de inicio de sesión fallido: Usuario no encontrado (PIXON@gmail.com)
2024-10-22T07:36:42.986Z [WARN]: Intento de inicio de sesión fallido: Usuario no encontrado (PIXON@gmail.com)
2024-10-22T07:36:43.857Z [WARN]: Intento de inicio de sesión fallido: Usuario no encontrado (PIXON@gmail.com)
2024-10-22T07:36:54.934Z [WARN]: Intento de inicio de sesión fallido: Usuario no encontrado (PIXON@gmail.com)
2024-10-22T07:36:55.607Z [WARN]: Intento de inicio de sesión fallido: Usuario no encontrado (PIXON@gmail.com)
2024-10-22T07:36:56.245Z [WARN]: Intento de inicio de sesión fallido: Usuario no encontrado (PIXON@gmail.com)
2024-10-22T07:36:56.798Z [WARN]: Intento de inicio de sesión fallido: Usuario no encontrado (PIXON@gmail.com)
2024-10-22T07:36:58.367Z [WARN]: Intento de inicio de sesión fallido: Usuario no encontrado (PIXON@gmail.com)
2024-10-22T07:36:59.293Z [WARN]: Intento de inicio de sesión fallido: Usuario no encontrado (PIXON@gmail.com)
2024-10-22T07:37:01.058Z [WARN]: Intento de inicio de sesión fallido: Usuario no encontrado (PIXON@gmail.com)
2024-10-22T07:37:12.753Z [WARN]: Intento de inicio de sesión fallido: Usuario no encontrado (PIXON@gmail.com)
2024-10-22T07:41:28.268Z [WARN]: Intento de inicio de sesión fallido: Usuario no encontrado (PIXON@gmail.com)
2024-10-22T07:41:29.078Z [WARN]: Intento de inicio de sesión fallido: Usuario no encontrado (PIXON@gmail.com)
2024-10-22T07:41:29.693Z [WARN]: Intento de inicio de sesión fallido: Usuario no encontrado (PIXON@gmail.com)
2024-10-22T07:41:30.280Z [WARN]: Intento de inicio de sesión fallido: Usuario no encontrado (PIXON@gmail.com)
2024-10-22T07:41:30.846Z [WARN]: Intento de inicio de sesión fallido: Usuario no encontrado (PIXON@gmail.com)
2024-10-22T07:41:31.630Z [WARN]: Intento de inicio de sesión fallido: Usuario no encontrado (PIXON@gmail.com)
2024-10-22T07:41:39.257Z [WARN]: Intento de inicio de sesión fallido: Usuario no encontrado (PIXON@gmail.com)
2024-10-22T07:41:39.763Z [WARN]: Intento de inicio de sesión fallido: Usuario no encontrado (PIXON@gmail.com)
2024-10-22T07:41:40.290Z [WARN]: Intento de inicio de sesión fallido: Usuario no encontrado (PIXON@gmail.com)
2024-10-22T07:41:40.852Z [WARN]: Intento de inicio de sesión fallido: Usuario no encontrado (PIXON@gmail.com)
2024-10-22T07:41:41.586Z [WARN]: Intento de inicio de sesión fallido: Usuario no encontrado (PIXON@gmail.com)
2024-10-22T07:41:42.144Z [WARN]: Intento de inicio de sesión fallido: Usuario no encontrado (PIXON@gmail.com)
2024-10-22T07:41:42.854Z [WARN]: Intento de inicio de sesión fallido: Usuario no encontrado (PIXON@gmail.com)
2024-10-22T07:41:44.750Z [WARN]: Intento de inicio de sesión fallido: Usuario no encontrado (PIXON@gmail.com)
2024-10-22T07:41:45.283Z [WARN]: Intento de inicio de sesión fallido: Usuario no encontrado (PIXON@gmail.com)
2024-10-22T07:41:45.835Z [WARN]: Intento de inicio de sesión fallido: Usuario no encontrado (PIXON@gmail.com)
2024-10-22T07:41:47.163Z [WARN]: Intento de inicio de sesión fallido: Usuario no encontrado (PIXON@gmail.com)
2024-10-22T07:41:47.963Z [WARN]: Intento de inicio de sesión fallido: Usuario no encontrado (PIXON@gmail.com)
2024-10-22T07:41:48.795Z [WARN]: Intento de inicio de sesión fallido: Usuario no encontrado (PIXON@gmail.com)
2024-10-22T07:41:49.481Z [WARN]: Intento de inicio de sesión fallido: Usuario no encontrado (PIXON@gmail.com)
2024-10-22T07:41:50.034Z [WARN]: Intento de inicio de sesión fallido: Usuario no encontrado (PIXON@gmail.com)
2024-10-22T07:41:50.625Z [WARN]: Intento de inicio de sesión fallido: Usuario no encontrado (PIXON@gmail.com)
2024-10-22T07:44:06.505Z [WARN]: Intento de inicio de sesión fallido: Usuario no encontrado (PIXON@gmail.com)
2024-10-22T07:44:07.067Z [WARN]: Intento de inicio de sesión fallido: Usuario no encontrado (PIXON@gmail.com)
2024-10-22T07:44:07.650Z [WARN]: Intento de inicio de sesión fallido: Usuario no encontrado (PIXON@gmail.com)
2024-10-22T07:44:08.144Z [WARN]: Intento de inicio de sesión fallido: Usuario no encontrado (PIXON@gmail.com)
2024-10-22T07:44:08.749Z [WARN]: Intento de inicio de sesión fallido: Usuario no encontrado (PIXON@gmail.com)
2024-10-22T07:44:09.562Z [WARN]: Intento de inicio de sesión fallido: Usuario no encontrado (PIXON@gmail.com)
2024-10-22T07:44:11.924Z [WARN]: Intento de inicio de sesión fallido: Usuario no encontrado (PIXON@gmail.com)
2024-10-22T07:44:12.660Z [WARN]: Intento de inicio de sesión fallido: Usuario no encontrado (PIXON@gmail.com)
2024-10-22T07:44:13.945Z [WARN]: Intento de inicio de sesión fallido: Usuario no encontrado (PIXON@gmail.com)
2024-10-22T07:44:14.657Z [WARN]: Intento de inicio de sesión fallido: Usuario no encontrado (PIXON@gmail.com)
2024-10-22T07:44:15.479Z [WARN]: Intento de inicio de sesión fallido: Usuario no encontrado (PIXON@gmail.com)
2024-10-22T07:44:16.510Z [WARN]: Intento de inicio de sesión fallido: Usuario no encontrado (PIXON@gmail.com)
2024-10-22T07:44:17.032Z [WARN]: Intento de inicio de sesión fallido: Usuario no encontrado (PIXON@gmail.com)
2024-10-22T07:44:17.812Z [WARN]: Intento de inicio de sesión fallido: Usuario no encontrado (PIXON@gmail.com)
2024-10-22T07:44:18.454Z [WARN]: Intento de inicio de sesión fallido: Usuario no encontrado (PIXON@gmail.com)
2024-10-22T07:48:43.749Z [WARN]: Cuenta bloqueada: jesus.alexem@gmail.com tras 5 intentos fallidos.
2024-10-22T07:48:46.096Z [WARN]: Cuenta bloqueada: jesus.alexem@gmail.com. Restan 5 minutos.
2024-10-22T07:48:47.264Z [WARN]: Cuenta bloqueada: jesus.alexem@gmail.com. Restan 5 minutos.
2024-10-22T07:48:48.077Z [WARN]: Cuenta bloqueada: jesus.alexem@gmail.com. Restan 5 minutos.
2024-10-22T07:48:49.036Z [WARN]: Cuenta bloqueada: jesus.alexem@gmail.com. Restan 5 minutos.
2024-10-22T07:48:49.773Z [WARN]: Cuenta bloqueada: jesus.alexem@gmail.com. Restan 5 minutos.
2024-10-22T07:48:50.511Z [WARN]: Cuenta bloqueada: jesus.alexem@gmail.com. Restan 5 minutos.
2024-10-22T07:48:51.849Z [WARN]: Cuenta bloqueada: jesus.alexem@gmail.com. Restan 5 minutos.
2024-10-22T07:48:53.100Z [WARN]: Cuenta bloqueada: jesus.alexem@gmail.com. Restan 5 minutos.
2024-10-22T07:48:53.942Z [WARN]: Cuenta bloqueada: jesus.alexem@gmail.com. Restan 5 minutos.
2024-10-22T07:49:03.220Z [WARN]: Cuenta bloqueada: jesus.alexem@gmail.com. Restan 5 minutos.
2024-10-22T07:49:04.324Z [WARN]: Cuenta bloqueada: jesus.alexem@gmail.com. Restan 5 minutos.
2024-10-22T07:49:07.766Z [WARN]: Cuenta bloqueada: jesus.alexem@gmail.com. Restan 5 minutos.
2024-10-22T07:49:08.839Z [WARN]: Cuenta bloqueada: jesus.alexem@gmail.com. Restan 5 minutos.
2024-10-22T07:49:09.436Z [WARN]: Cuenta bloqueada: jesus.alexem@gmail.com. Restan 5 minutos.
2024-10-22T07:49:09.979Z [WARN]: Cuenta bloqueada: jesus.alexem@gmail.com. Restan 5 minutos.
2024-10-22T07:49:10.627Z [WARN]: Cuenta bloqueada: jesus.alexem@gmail.com. Restan 5 minutos.
2024-10-22T07:50:13.764Z [WARN]: Cuenta bloqueada: jesus.alexem@gmail.com. Restan 4 minutos.
2024-10-22T07:50:14.920Z [WARN]: Cuenta bloqueada: jesus.alexem@gmail.com. Restan 4 minutos.
2024-10-22T07:54:13.000Z [WARN]: Cuenta bloqueada: jesus.alexem@gmail.com tras 5 intentos fallidos.
2024-10-22T07:54:18.329Z [WARN]: Cuenta bloqueada: jesus.alexem@gmail.com. Restan 5 minutos.
2024-10-22T07:55:31.276Z [WARN]: Cuenta bloqueada: jesus.alexem@gmail.com. Restan 4 minutos.
2024-10-22T07:55:33.018Z [WARN]: Cuenta bloqueada: jesus.alexem@gmail.com. Restan 4 minutos.
2024-10-22T07:55:34.279Z [WARN]: Cuenta bloqueada: jesus.alexem@gmail.com. Restan 4 minutos.
2024-10-22T07:55:36.376Z [WARN]: Cuenta bloqueada: jesus.alexem@gmail.com. Restan 4 minutos.
2024-10-22T07:55:39.337Z [WARN]: Intento de inicio de sesión fallido: Usuario no encontrado (jesus.aleem@gmail.com)
2024-10-22T08:03:57.320Z [ERROR]: Error en el proceso de login para jesus.aleem@gmail.com: logAndReset.warn is not a function
2024-10-22T08:04:01.958Z [ERROR]: Error en el proceso de login para jesus.aleem@gmail.com: logAndReset.warn is not a function
2024-10-22T08:10:07.560Z [ERROR]: Error en el proceso de login para jesus.aleem@gmail.com: logAndReset.warn is not a function
2024-10-22T08:10:08.078Z [ERROR]: Error en el proceso de login para jesus.aleem@gmail.com: logAndReset.warn is not a function
2024-10-22T08:10:08.617Z [ERROR]: Error en el proceso de login para jesus.aleem@gmail.com: logAndReset.warn is not a function
2024-10-22T08:10:09.248Z [ERROR]: Error en el proceso de login para jesus.aleem@gmail.com: logAndReset.warn is not a function
2024-10-22T08:10:09.794Z [ERROR]: Error en el proceso de login para jesus.aleem@gmail.com: logAndReset.warn is not a function
2024-10-22T08:10:11.843Z [ERROR]: Error en el proceso de login para jesus.aleem@gmail.com: logAndReset.warn is not a function
2024-10-22T08:10:13.244Z [ERROR]: Error en el proceso de login para jesus.aleem@gmail.com: logAndReset.warn is not a function
2024-10-22T08:10:13.902Z [ERROR]: Error en el proceso de login para jesus.aleem@gmail.com: logAndReset.warn is not a function
2024-10-22T08:10:20.837Z [ERROR]: Error en el proceso de login para jesus.alexem@gmail.com: logAndReset.info is not a function
2024-10-22T08:10:22.622Z [ERROR]: Error en el proceso de login para jesus.alexem@gmail.com: logAndReset.info is not a function
2024-10-22T08:11:16.574Z [ERROR]: Error en el proceso de login para jesus.alexem@gmail.com: logAndReset.info is not a function
2024-10-22T08:11:18.895Z [ERROR]: Error en el proceso de login para jesus.alexem@gmail.com: logAndReset.info is not a function
2024-10-22T08:11:55.019Z [ERROR]: Error en el proceso de login para jesus.alexem@gmail.com: logAndReset.info is not a function
2024-10-22T08:22:30.401Z [WARN]: Cuenta bloqueada: 20221017@uthh.edu.mx tras 5 intentos fallidos.
2024-10-22T08:22:31.778Z [WARN]: Cuenta bloqueada: 20221017@uthh.edu.mx. Restan 5 minutos
2024-10-22T08:22:47.014Z [INFO]: Login exitoso para jesus.alexem@gmail.com. OTP generado y enviado.
2024-10-22T08:24:02.183Z [INFO]: Login exitoso para jesus.alexem@gmail.com. OTP generado y enviado.
2024-10-22T08:28:52.673Z [INFO]: Login exitoso para jesus.alexem@gmail.com. OTP generado y enviado.
2024-10-22T08:29:38.642Z [INFO]: Login exitoso para jesus.alexem@gmail.com. OTP generado y enviado.
2024-10-22T08:40:21.085Z [INFO]: Login exitoso para jesus.alexem@gmail.com. OTP generado y enviado.
2024-10-22T08:41:29.605Z [INFO]: Login exitoso para jesus.alexem@gmail.com. OTP generado y enviado.
2024-10-22T08:42:41.602Z [INFO]: Login exitoso para jesus.alexem@gmail.com. OTP generado y enviado.
2024-10-22T08:44:31.516Z [INFO]: Login exitoso para jesus.alexem@gmail.com. OTP generado y enviado.
2024-10-22T08:45:50.316Z [INFO]: Login exitoso para jesus.alexem@gmail.com. OTP generado y enviado.
2024-10-22T08:46:32.660Z [INFO]: Login exitoso para jesus.alexem@gmail.com. OTP generado y enviado.
2024-10-22T08:53:21.722Z [INFO]: Login exitoso para jesus.alexem@gmail.com. OTP generado y enviado.
2024-10-22T08:53:27.568Z [INFO]: Login exitoso para jesus.alexem@gmail.com. OTP generado y enviado.
2024-10-22T09:05:42.895Z [INFO]: Login exitoso para jesus.alexem@gmail.com. OTP generado y enviado.
2024-10-22T09:08:39.526Z [INFO]: Login exitoso para jesus.alexem@gmail.com. OTP generado y enviado.
2024-10-22T09:16:51.280Z [INFO]: Login exitoso para jesus.alexem@gmail.com. OTP generado y enviado.
2024-10-22T09:18:32.280Z [INFO]: Login exitoso para jesus.alexem@gmail.com. OTP generado y enviado.
2024-10-22T09:22:10.558Z [INFO]: Login exitoso para jesus.alexem@gmail.com. OTP generado y enviado.
2024-10-22T09:24:40.200Z [INFO]: Login exitoso para jesus.alexem@gmail.com. OTP generado y enviado.
2024-10-22T09:25:33.887Z [INFO]: Login exitoso para jesus.alexem@gmail.com. OTP generado y enviado.
2024-10-22T09:25:58.008Z [INFO]: Login exitoso para jesus.alexem@gmail.com. OTP generado y enviado.
2024-10-22T09:26:27.628Z [INFO]: Login exitoso para jesus.alexem@gmail.com. OTP generado y enviado.
2024-10-22T09:29:53.378Z [INFO]: Login exitoso para jesus.alexem@gmail.com. OTP generado y enviado.
2024-10-22T09:38:01.964Z [INFO]: Login exitoso para jesus.alexem@gmail.com. OTP generado y enviado.
2024-10-22T09:38:14.833Z [INFO]: Login exitoso para jesus.alexem@gmail.com. OTP generado y enviado.
2024-10-22T09:42:07.052Z [INFO]: Login exitoso para jesus.alexem@gmail.com. OTP generado y enviado.
2024-10-22T09:42:34.895Z [INFO]: Login exitoso para jesus.alexem@gmail.com. OTP generado y enviado.
2024-10-22T09:46:30.572Z [INFO]: Login exitoso para jesus.alexem@gmail.com. OTP generado y enviado.
2024-10-22T09:47:00.156Z [INFO]: Login exitoso para jesus.alexem@gmail.com. OTP generado y enviado.
2024-10-22T09:47:25.964Z [INFO]: Login exitoso para jesus.alexem@gmail.com. OTP generado y enviado.
2024-10-22T09:47:56.872Z [INFO]: Login exitoso para jesus.alexem@gmail.com. OTP generado y enviado.
2024-10-22T09:48:02.392Z [INFO]: Login exitoso para jesus.alexem@gmail.com. OTP generado y enviado.
2024-10-22T09:49:37.194Z [INFO]: Login exitoso para jesus.alexem@gmail.com. OTP generado y enviado.
2024-10-22T09:49:57.980Z [INFO]: Login exitoso para jesus.alexem@gmail.com. OTP generado y enviado.
2024-10-22T20:22:20.959Z [WARN]: Intento fallido de login: Contraseña incorrecta para jesus.alexem@gmail.com. Intentos fallidos: 1
2024-10-22T20:22:25.172Z [WARN]: Intento fallido de login: Contraseña incorrecta para jesus.alexem@gmail.com. Intentos fallidos: 2
2024-10-22T20:22:37.561Z [WARN]: Intento fallido de login: Contraseña incorrecta para jesus.alexem@gmail.com. Intentos fallidos: 3
2024-10-22T20:22:40.634Z [WARN]: Intento fallido de login: Contraseña incorrecta para jesus.alexem@gmail.com. Intentos fallidos: 4
2024-10-22T20:22:55.076Z [INFO]: Login exitoso para jesus.alexem@gmail.com. OTP generado y enviado.
2024-10-22T20:34:09.837Z [WARN]: Cuenta bloqueada: jesus.alexem@gmail.com tras 5 intentos fallidos.
2024-10-22T20:39:21.204Z [WARN]: Cuenta bloqueada: jesus.alexem@gmail.com tras 5 intentos fallidos.
2024-10-23T04:00:01.668Z [WARN]: Cuenta bloqueada: 20221017@uthh.edu.mx tras 8 intentos fallidos.
